2012-05-15:04:01:51pm                 44ba5ca65651b4f36f1927576dd35436.png
ls
http://none
--------------------------------------------------------------------------
2012-05-15:04:19:25pm                 8dfaf8281769c217b7e78b27a4747285.png
x^2+y^2
http://none
--------------------------------------------------------------------------
2012-05-15:04:20:31pm                 8dfaf8281769c217b7e78b27a4747285.png
x^2+y^2
http://none
--------------------------------------------------------------------------
2012-05-15:04:20:32pm                 8dfaf8281769c217b7e78b27a4747285.png
x^2+y^2
http://none
--------------------------------------------------------------------------
2012-05-15:04:20:32pm                 8dfaf8281769c217b7e78b27a4747285.png
x^2+y^2
http://none
--------------------------------------------------------------------------
2012-05-15:04:32:08pm                 8dfaf8281769c217b7e78b27a4747285.gif
x^2+y^2
http://none
--------------------------------------------------------------------------
2012-05-15:04:32:09pm                 8dfaf8281769c217b7e78b27a4747285.gif
x^2+y^2
http://none
--------------------------------------------------------------------------
2012-05-15:04:34:32pm                 8dfaf8281769c217b7e78b27a4747285.gif
x^2+y^2
http://none
--------------------------------------------------------------------------
